<?xml version="1.0" encoding="UTF-8"?>
<!-- Generated by org.testng.reporters.JUnitReportReporter -->
<testsuite hostname="Krishsk" failures="0" tests="5" name="com.wol.tests.HomePageTest" time="75.557" errors="0" timestamp="2020-05-03T16:36:21 IST" skipped="0">
  <testcase classname="com.wol.tests.HomePageTest" name="HomePageURLValidation" time="15.027"/>
  <system-out/>
  <testcase classname="com.wol.tests.HomePageTest" name="HomePageTitleValidation" time="15.466"/>
  <system-out/>
  <testcase classname="com.wol.tests.HomePageTest" name="HomePageHeaderValidation" time="14.778"/>
  <system-out/>
  <testcase classname="com.wol.tests.HomePageTest" name="ClickViewAllOrders" time="14.970"/>
  <system-out/>
  <testcase classname="com.wol.tests.HomePageTest" name="ClickViewAllProducts" time="15.316"/>
  <system-out/>
</testsuite> <!-- com.wol.tests.HomePageTest -->
