<?xml version="1.0" encoding="UTF-8"?>
<!-- Generated by org.testng.reporters.JUnitReportReporter -->
<testsuite hostname="Krishsk" failures="0" tests="2" name="com.wol.tests.LoginTest" time="34.597" errors="0" timestamp="2020-05-06T10:18:10 IST" skipped="0">
  <testcase classname="com.wol.tests.LoginTest" name="LoginPageTitle" time="18.586"/>
  <system-out/>
  <testcase classname="com.wol.tests.LoginTest" name="LoginCredential" time="16.011"/>
  <system-out/>
</testsuite> <!-- com.wol.tests.LoginTest -->
