<?xml version="1.0" encoding="UTF-8"?>
<!-- Generated by org.testng.reporters.JUnitReportReporter -->
<testsuite hostname="Krishsk" failures="0" tests="3" name="com.wol.tests.ViewAllOrdersTest" time="44.932" errors="0" timestamp="2020-05-03T16:36:21 IST" skipped="0">
  <testcase classname="com.wol.tests.ViewAllOrdersTest" name="validateVAODeletebtn" time="14.835"/>
  <system-out/>
  <testcase classname="com.wol.tests.ViewAllOrdersTest" name="validateVAOHeader" time="15.032"/>
  <system-out/>
  <testcase classname="com.wol.tests.ViewAllOrdersTest" name="validateVAODCheckAndUncheckbtn" time="15.065"/>
  <system-out/>
</testsuite> <!-- com.wol.tests.ViewAllOrdersTest -->
